<?xml version="1.0" encoding="UTF-8"?>
<testsuite xmlns:xsi="http://www.w3.org/2001/XMLSchema-instance" xsi:noNamespaceSchemaLocation="https://maven.apache.org/surefire/maven-surefire-plugin/xsd/surefire-test-report.xsd" version="3.0.2" name="com.mente.productosMente.ProductosMenteApplicationTests" time="8.5" tests="1" errors="0" skipped="0" failures="0">
  <properties>
[...]
</properties>
  <testcase name="contextLoads" classname="com.mente.productosMente.ProductosMenteApplicationTests" time="0.564">
    <system-out><![CDATA[11:52:14.979 [main] INFO org.springframework.test.context.support.AnnotationConfigContextLoaderUtils -- Could not detect default configuration classes for test class [com.mente.productosMente.ProductosMenteApplicationTests]: ProductosMenteApplicationTests does not declare any static, non-private, non-final, nested classes annotated with @Configuration.
11:52:15.146 [main] INFO org.springframework.boot.test.context.SpringBootTestContextBootstrapper -- Found @SpringBootConfiguration com.mente.productosMente.ProductosMenteApplication for test class com.mente.productosMente.ProductosMenteApplicationTests
11:52:15.379 [main] INFO org.springframework.boot.devtools.restart.RestartApplicationListener -- Restart disabled due to context in which it is running

  .   ____          _            __ _ _
 /\\ / ___'_ __ _ _(_)_ __  __ _ \ \ \ \
( ( )\___ | '_ | '_| | '_ \/ _` | \ \ \ \
 \\/  ___)| |_)| | | | | || (_| |  ) ) ) )
  '  |____| .__|_| |_|_| |_\__, | / / / /
 =========|_|==============|___/=/_/_/_/

 :: Spring Boot ::                (v4.0.0)

2025-11-30T11:52:15.765-05:00  INFO 13140 --- [productosMente] [           main] c.m.p.ProductosMenteApplicationTests     : Starting ProductosMenteApplicationTests using Java 20.0.2 with PID 13140 (started by jhami in C:\Users\jhami\Downloads\productosMente\productosMente)
2025-11-30T11:52:15.769-05:00  INFO 13140 --- [productosMente] [           main] c.m.p.ProductosMenteApplicationTests     : No active profile set, falling back to 1 default profile: "default"
2025-11-30T11:52:17.319-05:00  INFO 13140 --- [productosMente] [           main] .s.d.r.c.RepositoryConfigurationDelegate : Bootstrapping Spring Data JPA repositories in DEFAULT mode.
2025-11-30T11:52:17.427-05:00  INFO 13140 --- [productosMente] [           main] .s.d.r.c.RepositoryConfigurationDelegate : Finished Spring Data repository scanning in 90 ms. Found 1 JPA repository interface.
2025-11-30T11:52:18.159-05:00  INFO 13140 --- [productosMente] [           main] com.zaxxer.hikari.HikariDataSource       : HikariPool-1 - Starting...
2025-11-30T11:52:18.491-05:00  INFO 13140 --- [productosMente] [           main] com.zaxxer.hikari.pool.HikariPool        : HikariPool-1 - Added connection conn0: url=jdbc:h2:mem:ac52607c-8bee-45b1-b38f-9e9506710257 user=SA
2025-11-30T11:52:18.496-05:00  INFO 13140 --- [productosMente] [           main] com.zaxxer.hikari.HikariDataSource       : HikariPool-1 - Start completed.
2025-11-30T11:52:18.571-05:00  INFO 13140 --- [productosMente] [           main] o.hibernate.jpa.internal.util.LogHelper  : HHH000204: Processing PersistenceUnitInfo [name: default]
2025-11-30T11:52:18.709-05:00  INFO 13140 --- [productosMente] [           main] org.hibernate.Version                    : HHH000412: Hibernate ORM core version 7.1.8.Final
2025-11-30T11:52:19.605-05:00  INFO 13140 --- [productosMente] [           main] o.s.o.j.p.SpringPersistenceUnitInfo      : No LoadTimeWeaver setup: ignoring JPA class transformer
2025-11-30T11:52:19.712-05:00  INFO 13140 --- [productosMente] [           main] org.hibernate.orm.connections.pooling    : HHH10001005: Database info:
	Database JDBC URL [jdbc:h2:mem:ac52607c-8bee-45b1-b38f-9e9506710257]
	Database driver: H2 JDBC Driver
	Database dialect: H2Dialect
	Database version: 2.4.240
	Default catalog/schema: AC52607C-8BEE-45B1-B38F-9E9506710257/PUBLIC
	Autocommit mode: undefined/unknown
	Isolation level: READ_COMMITTED [default READ_COMMITTED]
	JDBC fetch size: 100
	Pool: DatasourceConnectionProviderImpl
	Minimum pool size: undefined/unknown
	Maximum pool size: undefined/unknown
2025-11-30T11:52:20.821-05:00  INFO 13140 --- [productosMente] [           main] o.h.e.t.j.p.i.JtaPlatformInitiator       : HHH000489: No JTA platform available (set 'hibernate.transaction.jta.platform' to enable JTA platform integration)
2025-11-30T11:52:20.871-05:00  INFO 13140 --- [productosMente] [           main] j.LocalContainerEntityManagerFactoryBean : Initialized JPA EntityManagerFactory for persistence unit 'default'
2025-11-30T11:52:21.045-05:00  INFO 13140 --- [productosMente] [           main] o.s.d.j.r.query.QueryEnhancerFactories   : Hibernate is in classpath; If applicable, HQL parser will be used.
2025-11-30T11:52:21.619-05:00  WARN 13140 --- [productosMente] [           main] JpaBaseConfiguration$JpaWebConfiguration : spring.jpa.open-in-view is enabled by default. Therefore, database queries may be performed during view rendering. Explicitly configure spring.jpa.open-in-view to disable this warning
2025-11-30T11:52:22.596-05:00  INFO 13140 --- [productosMente] [           main] c.m.p.ProductosMenteApplicationTests     : Started ProductosMenteApplicationTests in 7.235 seconds (process running for 9.03)
2025-11-30T11:52:22.602-05:00  WARN 13140 --- [productosMente] [           main] o.s.core.events.SpringDocAppInitializer  : SpringDoc /v3/api-docs endpoint is enabled by default. To disable it in production, set the property 'springdoc.api-docs.enabled=false'
2025-11-30T11:52:22.602-05:00  WARN 13140 --- [productosMente] [           main] o.s.core.events.SpringDocAppInitializer  : SpringDoc /swagger-ui.html endpoint is enabled by default. To disable it in production, set the property 'springdoc.swagger-ui.enabled=false'
]]></system-out>
  </testcase>
</testsuite>